# JRE version: OpenJDK Runtime Environment Temurin-21.0.6+7 (21.0.6+7) (build 21.0.6+7-LTS)
# Java VM: OpenJDK 64-Bit Server VM Temurin-21.0.6+7 (21.0.6+7-LTS, mixed mode, sharing, tiered, compressed oops, compressed class ptrs, parallel gc, windows-amd64)
GC Precious Log:
 CardTable entry size: 512
 CPUs: 4 total, 4 available
 Memory: 3917M
 Large Page Support: Disabled
 NUMA Support: Disabled
 Compressed Oops: Enabled (32-bit)
 Alignments: Space 512K, Generation 512K, Heap 2M
 Heap Min Capacity: 100M
 Heap Initial Capacity: 100M
 Heap Max Capacity: 1G
 Pre-touch: Disabled
 Parallel Workers: 4
Heap:
 PSYoungGen      total 5632K, used 2247K [0x00000000eab00000, 0x00000000eb300000, 0x0000000100000000)
  eden space 4608K, 29% used [0x00000000eab00000,0x00000000eac51608,0x00000000eaf80000)
  from space 1024K, 87% used [0x00000000eb180000,0x00000000eb260908,0x00000000eb280000)
  to   space 512K, 0% used [0x00000000eb280000,0x00000000eb280000,0x00000000eb300000)
 ParOldGen       total 411136K, used 411080K [0x00000000c0000000, 0x00000000d9180000, 0x00000000eab00000)
  object space 411136K, 99% used [0x00000000c0000000,0x00000000d91723c0,0x00000000d9180000)
 Metaspace       used 63422K, committed 64896K, reserved 1114112K
  class space    used 6487K, committed 7104K, reserved 1048576K
GC Heap History (20 events):
Event: 43.207 GC heap before
{Heap before GC invocations=302 (full 3):
 PSYoungGen      total 5120K, used 4960K [0x00000000eab00000, 0x00000000eb500000, 0x0000000100000000)
  eden space 4608K, 100% used [0x00000000eab00000,0x00000000eaf80000,0x00000000eaf80000)
  from space 512K, 68% used [0x00000000eb480000,0x00000000eb4d8000,0x00000000eb500000)
  to   space 2048K, 0% used [0x00000000eb100000,0x00000000eb100000,0x00000000eb300000)
 ParOldGen       total 405504K, used 405372K [0x00000000c0000000, 0x00000000d8c00000, 0x00000000eab00000)
  object space 405504K, 99% used [0x00000000c0000000,0x00000000d8bdf310,0x00000000d8c00000)
 Metaspace       used 60883K, committed 62208K, reserved 1114112K
  class space    used 6289K, committed 6912K, reserved 1048576K
}
Event: 43.212 GC heap after
{Heap after GC invocations=302 (full 3):
 PSYoungGen      total 6656K, used 1040K [0x00000000eab00000, 0x00000000eb500000, 0x0000000100000000)
  eden space 4608K, 0% used [0x00000000eab00000,0x00000000eab00000,0x00000000eaf80000)
  from space 2048K, 50% used [0x00000000eb100000,0x00000000eb204010,0x00000000eb300000)
  to   space 1536K, 0% used [0x00000000eb380000,0x00000000eb380000,0x00000000eb500000)
 ParOldGen       total 406016K, used 405652K [0x00000000c0000000, 0x00000000d8c80000, 0x00000000eab00000)
  object space 406016K, 99% used [0x00000000c0000000,0x00000000d8c25320,0x00000000d8c80000)
 Metaspace       used 60883K, committed 62208K, reserved 1114112K
  class space    used 6289K, committed 6912K, reserved 1048576K
}
Event: 43.951 GC heap before
{Heap before GC invocations=303 (full 3):
 PSYoungGen      total 6656K, used 5648K [0x00000000eab00000, 0x00000000eb500000, 0x0000000100000000)
  eden space 4608K, 100% used [0x00000000eab00000,0x00000000eaf80000,0x00000000eaf80000)
  from space 2048K, 50% used [0x00000000eb100000,0x00000000eb204010,0x00000000eb300000)
  to   space 1536K, 0% used [0x00000000eb380000,0x00000000eb380000,0x00000000eb500000)
 ParOldGen       total 406016K, used 405652K [0x00000000c0000000, 0x00000000d8c80000, 0x00000000eab00000)
  object space 406016K, 99% used [0x00000000c0000000,0x00000000d8c25320,0x00000000d8c80000)
 Metaspace       used 61250K, committed 62592K, reserved 1114112K
  class space    used 6319K, committed 6912K, reserved 1048576K
}
Event: 43.957 GC heap after
{Heap after GC invocations=303 (full 3):
 PSYoungGen      total 5120K, used 416K [0x00000000eab00000, 0x00000000eb400000, 0x0000000100000000)
  eden space 4608K, 0% used [0x00000000eab00000,0x00000000eab00000,0x00000000eaf80000)
  from space 512K, 81% used [0x00000000eb380000,0x00000000eb3e8020,0x00000000eb400000)
  to   space 1024K, 0% used [0x00000000eb200000,0x00000000eb200000,0x00000000eb300000)
 ParOldGen       total 406528K, used 406161K [0x00000000c0000000, 0x00000000d8d00000, 0x00000000eab00000)
  object space 406528K, 99% used [0x00000000c0000000,0x00000000d8ca4680,0x00000000d8d00000)
 Metaspace       used 61250K, committed 62592K, reserved 1114112K
  class space    used 6319K, committed 6912K, reserved 1048576K
}
Event: 44.143 GC heap before
{Heap before GC invocations=304 (full 3):
 PSYoungGen      total 5120K, used 5024K [0x00000000eab00000, 0x00000000eb400000, 0x0000000100000000)
  eden space 4608K, 100% used [0x00000000eab00000,0x00000000eaf80000,0x00000000eaf80000)
  from space 512K, 81% used [0x00000000eb380000,0x00000000eb3e8020,0x00000000eb400000)
  to   space 1024K, 0% used [0x00000000eb200000,0x00000000eb200000,0x00000000eb300000)
 ParOldGen       total 406528K, used 406161K [0x00000000c0000000, 0x00000000d8d00000, 0x00000000eab00000)
  object space 406528K, 99% used [0x00000000c0000000,0x00000000d8ca4680,0x00000000d8d00000)
 Metaspace       used 61772K, committed 63168K, reserved 1114112K
  class space    used 6377K, committed 6976K, reserved 1048576K
}
Event: 44.149 GC heap after
{Heap after GC invocations=304 (full 3):
 PSYoungGen      total 5632K, used 480K [0x00000000eab00000, 0x00000000eb400000, 0x0000000100000000)
  eden space 4608K, 0% used [0x00000000eab00000,0x00000000eab00000,0x00000000eaf80000)
  from space 1024K, 46% used [0x00000000eb200000,0x00000000eb278000,0x00000000eb300000)
  to   space 512K, 0% used [0x00000000eb380000,0x00000000eb380000,0x00000000eb400000)
 ParOldGen       total 406528K, used 406481K [0x00000000c0000000, 0x00000000d8d00000, 0x00000000eab00000)
  object space 406528K, 99% used [0x00000000c0000000,0x00000000d8cf46a0,0x00000000d8d00000)
 Metaspace       used 61772K, committed 63168K, reserved 1114112K
  class space    used 6377K, committed 6976K, reserved 1048576K
}
Event: 44.222 GC heap before
{Heap before GC invocations=305 (full 3):
 PSYoungGen      total 5632K, used 5088K [0x00000000eab00000, 0x00000000eb400000, 0x0000000100000000)
  eden space 4608K, 100% used [0x00000000eab00000,0x00000000eaf80000,0x00000000eaf80000)
  from space 1024K, 46% used [0x00000000eb200000,0x00000000eb278000,0x00000000eb300000)
  to   space 512K, 0% used [0x00000000eb380000,0x00000000eb380000,0x00000000eb400000)
 ParOldGen       total 406528K, used 406481K [0x00000000c0000000, 0x00000000d8d00000, 0x00000000eab00000)
  object space 406528K, 99% used [0x00000000c0000000,0x00000000d8cf46a0,0x00000000d8d00000)
 Metaspace       used 62027K, committed 63424K, reserved 1114112K
  class space    used 6395K, committed 6976K, reserved 1048576K
}
Event: 44.226 GC heap after
{Heap after GC invocations=305 (full 3):
 PSYoungGen      total 5120K, used 96K [0x00000000eab00000, 0x00000000eb400000, 0x0000000100000000)
  eden space 4608K, 0% used [0x00000000eab00000,0x00000000eab00000,0x00000000eaf80000)
  from space 512K, 18% used [0x00000000eb380000,0x00000000eb398000,0x00000000eb400000)
  to   space 512K, 0% used [0x00000000eb300000,0x00000000eb300000,0x00000000eb380000)
 ParOldGen       total 407040K, used 406873K [0x00000000c0000000, 0x00000000d8d80000, 0x00000000eab00000)
  object space 407040K, 99% used [0x00000000c0000000,0x00000000d8d566a0,0x00000000d8d80000)
 Metaspace       used 62027K, committed 63424K, reserved 1114112K
  class space    used 6395K, committed 6976K, reserved 1048576K
}
Event: 89.234 GC heap before
{Heap before GC invocations=306 (full 3):
 PSYoungGen      total 5120K, used 4704K [0x00000000eab00000, 0x00000000eb400000, 0x0000000100000000)
  eden space 4608K, 100% used [0x00000000eab00000,0x00000000eaf80000,0x00000000eaf80000)
  from space 512K, 18% used [0x00000000eb380000,0x00000000eb398000,0x00000000eb400000)
  to   space 512K, 0% used [0x00000000eb300000,0x00000000eb300000,0x00000000eb380000)
 ParOldGen       total 407040K, used 406873K [0x00000000c0000000, 0x00000000d8d80000, 0x00000000eab00000)
  object space 407040K, 99% used [0x00000000c0000000,0x00000000d8d566a0,0x00000000d8d80000)
 Metaspace       used 62169K, committed 63552K, reserved 1114112K
  class space    used 6402K, committed 6976K, reserved 1048576K
}
Event: 89.540 GC heap after
{Heap after GC invocations=306 (full 3):
 PSYoungGen      total 5120K, used 400K [0x00000000eab00000, 0x00000000eb400000, 0x0000000100000000)
  eden space 4608K, 0% used [0x00000000eab00000,0x00000000eab00000,0x00000000eaf80000)
  from space 512K, 78% used [0x00000000eb300000,0x00000000eb364010,0x00000000eb380000)
  to   space 512K, 0% used [0x00000000eb380000,0x00000000eb380000,0x00000000eb400000)
 ParOldGen       total 407040K, used 406937K [0x00000000c0000000, 0x00000000d8d80000, 0x00000000eab00000)
  object space 407040K, 99% used [0x00000000c0000000,0x00000000d8d666a0,0x00000000d8d80000)
 Metaspace       used 62169K, committed 63552K, reserved 1114112K
  class space    used 6402K, committed 6976K, reserved 1048576K
}
Event: 90.941 GC heap before
{Heap before GC invocations=307 (full 3):
 PSYoungGen      total 5120K, used 5008K [0x00000000eab00000, 0x00000000eb400000, 0x0000000100000000)
  eden space 4608K, 100% used [0x00000000eab00000,0x00000000eaf80000,0x00000000eaf80000)
  from space 512K, 78% used [0x00000000eb300000,0x00000000eb364010,0x00000000eb380000)
  to   space 512K, 0% used [0x00000000eb380000,0x00000000eb380000,0x00000000eb400000)
 ParOldGen       total 407040K, used 406937K [0x00000000c0000000, 0x00000000d8d80000, 0x00000000eab00000)
  object space 407040K, 99% used [0x00000000c0000000,0x00000000d8d666a0,0x00000000d8d80000)
 Metaspace       used 62408K, committed 63744K, reserved 1114112K
  class space    used 6421K, committed 6976K, reserved 1048576K
}
Event: 90.949 GC heap after
{Heap after GC invocations=307 (full 3):
 PSYoungGen      total 5120K, used 512K [0x00000000eab00000, 0x00000000eb400000, 0x0000000100000000)
  eden space 4608K, 0% used [0x00000000eab00000,0x00000000eab00000,0x00000000eaf80000)
  from space 512K, 100% used [0x00000000eb380000,0x00000000eb400000,0x00000000eb400000)
  to   space 1024K, 0% used [0x00000000eb200000,0x00000000eb200000,0x00000000eb300000)
 ParOldGen       total 407040K, used 406993K [0x00000000c0000000, 0x00000000d8d80000, 0x00000000eab00000)
  object space 407040K, 99% used [0x00000000c0000000,0x00000000d8d746a0,0x00000000d8d80000)
 Metaspace       used 62408K, committed 63744K, reserved 1114112K
  class space    used 6421K, committed 6976K, reserved 1048576K
}
Event: 91.191 GC heap before
{Heap before GC invocations=308 (full 3):
 PSYoungGen      total 5120K, used 5120K [0x00000000eab00000, 0x00000000eb400000, 0x0000000100000000)
  eden space 4608K, 100% used [0x00000000eab00000,0x00000000eaf80000,0x00000000eaf80000)
  from space 512K, 100% used [0x00000000eb380000,0x00000000eb400000,0x00000000eb400000)
  to   space 1024K, 0% used [0x00000000eb200000,0x00000000eb200000,0x00000000eb300000)
 ParOldGen       total 407040K, used 406993K [0x00000000c0000000, 0x00000000d8d80000, 0x00000000eab00000)
  object space 407040K, 99% used [0x00000000c0000000,0x00000000d8d746a0,0x00000000d8d80000)
 Metaspace       used 62555K, committed 64000K, reserved 1114112K
  class space    used 6428K, committed 7040K, reserved 1048576K
}
Event: 91.200 GC heap after
{Heap after GC invocations=308 (full 3):
 PSYoungGen      total 5632K, used 1003K [0x00000000eab00000, 0x00000000eb400000, 0x0000000100000000)
  eden space 4608K, 0% used [0x00000000eab00000,0x00000000eab00000,0x00000000eaf80000)
  from space 1024K, 97% used [0x00000000eb200000,0x00000000eb2fac88,0x00000000eb300000)
  to   space 1024K, 0% used [0x00000000eb300000,0x00000000eb300000,0x00000000eb400000)
 ParOldGen       total 408064K, used 407759K [0x00000000c0000000, 0x00000000d8e80000, 0x00000000eab00000)
  object space 408064K, 99% used [0x00000000c0000000,0x00000000d8e33cf8,0x00000000d8e80000)
 Metaspace       used 62555K, committed 64000K, reserved 1114112K
  class space    used 6428K, committed 7040K, reserved 1048576K
}
Event: 91.396 GC heap before
{Heap before GC invocations=309 (full 3):
 PSYoungGen      total 5632K, used 4419K [0x00000000eab00000, 0x00000000eb400000, 0x0000000100000000)
  eden space 4608K, 74% used [0x00000000eab00000,0x00000000eae560f0,0x00000000eaf80000)
  from space 1024K, 97% used [0x00000000eb200000,0x00000000eb2fac88,0x00000000eb300000)
  to   space 1024K, 0% used [0x00000000eb300000,0x00000000eb300000,0x00000000eb400000)
 ParOldGen       total 408064K, used 407759K [0x00000000c0000000, 0x00000000d8e80000, 0x00000000eab00000)
  object space 408064K, 99% used [0x00000000c0000000,0x00000000d8e33cf8,0x00000000d8e80000)
 Metaspace       used 62807K, committed 64192K, reserved 1114112K
  class space    used 6444K, committed 7040K, reserved 1048576K
}
Event: 91.400 GC heap after
{Heap after GC invocations=309 (full 3):
 PSYoungGen      total 5120K, used 384K [0x00000000eab00000, 0x00000000eb380000, 0x0000000100000000)
  eden space 4608K, 0% used [0x00000000eab00000,0x00000000eab00000,0x00000000eaf80000)
  from space 512K, 75% used [0x00000000eb300000,0x00000000eb360000,0x00000000eb380000)
  to   space 1024K, 0% used [0x00000000eb180000,0x00000000eb180000,0x00000000eb280000)
 ParOldGen       total 409088K, used 408692K [0x00000000c0000000, 0x00000000d8f80000, 0x00000000eab00000)
  object space 409088K, 99% used [0x00000000c0000000,0x00000000d8f1d1f0,0x00000000d8f80000)
 Metaspace       used 62807K, committed 64192K, reserved 1114112K
  class space    used 6444K, committed 7040K, reserved 1048576K
}
Event: 91.591 GC heap before
{Heap before GC invocations=310 (full 3):
 PSYoungGen      total 5120K, used 4992K [0x00000000eab00000, 0x00000000eb380000, 0x0000000100000000)
  eden space 4608K, 100% used [0x00000000eab00000,0x00000000eaf80000,0x00000000eaf80000)
  from space 512K, 75% used [0x00000000eb300000,0x00000000eb360000,0x00000000eb380000)
  to   space 1024K, 0% used [0x00000000eb180000,0x00000000eb180000,0x00000000eb280000)
 ParOldGen       total 409088K, used 408692K [0x00000000c0000000, 0x00000000d8f80000, 0x00000000eab00000)
  object space 409088K, 99% used [0x00000000c0000000,0x00000000d8f1d1f0,0x00000000d8f80000)
 Metaspace       used 62900K, committed 64384K, reserved 1114112K
  class space    used 6451K, committed 7040K, reserved 1048576K
}
Event: 91.595 GC heap after
{Heap after GC invocations=310 (full 3):
 PSYoungGen      total 5632K, used 1020K [0x00000000eab00000, 0x00000000eb380000, 0x0000000100000000)
  eden space 4608K, 0% used [0x00000000eab00000,0x00000000eab00000,0x00000000eaf80000)
  from space 1024K, 99% used [0x00000000eb180000,0x00000000eb27f0c8,0x00000000eb280000)
  to   space 1024K, 0% used [0x00000000eb280000,0x00000000eb280000,0x00000000eb380000)
 ParOldGen       total 409088K, used 409033K [0x00000000c0000000, 0x00000000d8f80000, 0x00000000eab00000)
  object space 409088K, 99% used [0x00000000c0000000,0x00000000d8f72490,0x00000000d8f80000)
 Metaspace       used 62900K, committed 64384K, reserved 1114112K
  class space    used 6451K, committed 7040K, reserved 1048576K
}
Event: 91.942 GC heap before
{Heap before GC invocations=311 (full 3):
 PSYoungGen      total 5632K, used 5628K [0x00000000eab00000, 0x00000000eb380000, 0x0000000100000000)
  eden space 4608K, 100% used [0x00000000eab00000,0x00000000eaf80000,0x00000000eaf80000)
  from space 1024K, 99% used [0x00000000eb180000,0x00000000eb27f0c8,0x00000000eb280000)
  to   space 1024K, 0% used [0x00000000eb280000,0x00000000eb280000,0x00000000eb380000)
 ParOldGen       total 409088K, used 409033K [0x00000000c0000000, 0x00000000d8f80000, 0x00000000eab00000)
  object space 409088K, 99% used [0x00000000c0000000,0x00000000d8f72490,0x00000000d8f80000)
 Metaspace       used 63171K, committed 64640K, reserved 1114112K
  class space    used 6473K, committed 7104K, reserved 1048576K
}
Event: 91.947 GC heap after
{Heap after GC invocations=311 (full 3):
 PSYoungGen      total 5632K, used 548K [0x00000000eab00000, 0x00000000eb380000, 0x0000000100000000)
  eden space 4608K, 0% used [0x00000000eab00000,0x00000000eab00000,0x00000000eaf80000)
  from space 1024K, 53% used [0x00000000eb280000,0x00000000eb309178,0x00000000eb380000)
  to   space 1024K, 0% used [0x00000000eb180000,0x00000000eb180000,0x00000000eb280000)
 ParOldGen       total 411136K, used 410641K [0x00000000c0000000, 0x00000000d9180000, 0x00000000eab00000)
  object space 411136K, 99% used [0x00000000c0000000,0x00000000d9104620,0x00000000d9180000)
 Metaspace       used 63171K, committed 64640K, reserved 1114112K
  class space    used 6473K, committed 7104K, reserved 1048576K
}

