# JRE version: OpenJDK Runtime Environment Temurin-21.0.6+7 (21.0.6+7) (build 21.0.6+7-LTS)
# Java VM: OpenJDK 64-Bit Server VM Temurin-21.0.6+7 (21.0.6+7-LTS, mixed mode, sharing, tiered, compressed oops, compressed class ptrs, parallel gc, windows-amd64)
GC Precious Log:
 CardTable entry size: 512
 CPUs: 4 total, 4 available
 Memory: 3917M
 Large Page Support: Disabled
 NUMA Support: Disabled
 Compressed Oops: Enabled (32-bit)
 Alignments: Space 512K, Generation 512K, Heap 2M
 Heap Min Capacity: 100M
 Heap Initial Capacity: 100M
 Heap Max Capacity: 1G
 Pre-touch: Disabled
 Parallel Workers: 4
Heap:
 PSYoungGen      total 11776K, used 7066K [0x00000000eab00000, 0x00000000eb900000, 0x0000000100000000)
  eden space 9216K, 52% used [0x00000000eab00000,0x00000000eafb9de8,0x00000000eb400000)
  from space 2560K, 87% used [0x00000000eb400000,0x00000000eb62cce0,0x00000000eb680000)
  to   space 2560K, 0% used [0x00000000eb680000,0x00000000eb680000,0x00000000eb900000)
 ParOldGen       total 95232K, used 94987K [0x00000000c0000000, 0x00000000c5d00000, 0x00000000eab00000)
  object space 95232K, 99% used [0x00000000c0000000,0x00000000c5cc2d80,0x00000000c5d00000)
 Metaspace       used 59985K, committed 61440K, reserved 1114112K
  class space    used 6221K, committed 6848K, reserved 1048576K
GC Heap History (20 events):
Event: 51.743 GC heap before
{Heap before GC invocations=47 (full 2):
 PSYoungGen      total 12288K, used 12256K [0x00000000eab00000, 0x00000000ebf80000, 0x0000000100000000)
  eden space 11264K, 100% used [0x00000000eab00000,0x00000000eb600000,0x00000000eb600000)
  from space 1024K, 96% used [0x00000000eba80000,0x00000000ebb78368,0x00000000ebb80000)
  to   space 4608K, 0% used [0x00000000eb600000,0x00000000eb600000,0x00000000eba80000)
 ParOldGen       total 89088K, used 88881K [0x00000000c0000000, 0x00000000c5700000, 0x00000000eab00000)
  object space 89088K, 99% used [0x00000000c0000000,0x00000000c56cc678,0x00000000c5700000)
 Metaspace       used 57901K, committed 59264K, reserved 1114112K
  class space    used 6015K, committed 6592K, reserved 1048576K
}
Event: 51.747 GC heap after
{Heap after GC invocations=47 (full 2):
 PSYoungGen      total 13824K, used 2079K [0x00000000eab00000, 0x00000000ebc00000, 0x0000000100000000)
  eden space 11264K, 0% used [0x00000000eab00000,0x00000000eab00000,0x00000000eb600000)
  from space 2560K, 81% used [0x00000000eb600000,0x00000000eb807cd0,0x00000000eb880000)
  to   space 3072K, 0% used [0x00000000eb900000,0x00000000eb900000,0x00000000ebc00000)
 ParOldGen       total 90112K, used 89837K [0x00000000c0000000, 0x00000000c5800000, 0x00000000eab00000)
  object space 90112K, 99% used [0x00000000c0000000,0x00000000c57bb7c0,0x00000000c5800000)
 Metaspace       used 57901K, committed 59264K, reserved 1114112K
  class space    used 6015K, committed 6592K, reserved 1048576K
}
Event: 51.932 GC heap before
{Heap before GC invocations=48 (full 2):
 PSYoungGen      total 13824K, used 9850K [0x00000000eab00000, 0x00000000ebc00000, 0x0000000100000000)
  eden space 11264K, 68% used [0x00000000eab00000,0x00000000eb296cd0,0x00000000eb600000)
  from space 2560K, 81% used [0x00000000eb600000,0x00000000eb807cd0,0x00000000eb880000)
  to   space 3072K, 0% used [0x00000000eb900000,0x00000000eb900000,0x00000000ebc00000)
 ParOldGen       total 90112K, used 89837K [0x00000000c0000000, 0x00000000c5800000, 0x00000000eab00000)
  object space 90112K, 99% used [0x00000000c0000000,0x00000000c57bb7c0,0x00000000c5800000)
 Metaspace       used 58422K, committed 59776K, reserved 1114112K
  class space    used 6060K, committed 6656K, reserved 1048576K
}
Event: 51.940 GC heap after
{Heap after GC invocations=48 (full 2):
 PSYoungGen      total 13312K, used 1593K [0x00000000eab00000, 0x00000000ebb00000, 0x0000000100000000)
  eden space 11264K, 0% used [0x00000000eab00000,0x00000000eab00000,0x00000000eb600000)
  from space 2048K, 77% used [0x00000000eb900000,0x00000000eba8e408,0x00000000ebb00000)
  to   space 2048K, 0% used [0x00000000eb700000,0x00000000eb700000,0x00000000eb900000)
 ParOldGen       total 92160K, used 91748K [0x00000000c0000000, 0x00000000c5a00000, 0x00000000eab00000)
  object space 92160K, 99% used [0x00000000c0000000,0x00000000c5999238,0x00000000c5a00000)
 Metaspace       used 58422K, committed 59776K, reserved 1114112K
  class space    used 6060K, committed 6656K, reserved 1048576K
}
Event: 51.940 GC heap before
{Heap before GC invocations=49 (full 3):
 PSYoungGen      total 13312K, used 1593K [0x00000000eab00000, 0x00000000ebb00000, 0x0000000100000000)
  eden space 11264K, 0% used [0x00000000eab00000,0x00000000eab00000,0x00000000eb600000)
  from space 2048K, 77% used [0x00000000eb900000,0x00000000eba8e408,0x00000000ebb00000)
  to   space 2048K, 0% used [0x00000000eb700000,0x00000000eb700000,0x00000000eb900000)
 ParOldGen       total 92160K, used 91748K [0x00000000c0000000, 0x00000000c5a00000, 0x00000000eab00000)
  object space 92160K, 99% used [0x00000000c0000000,0x00000000c5999238,0x00000000c5a00000)
 Metaspace       used 58422K, committed 59776K, reserved 1114112K
  class space    used 6060K, committed 6656K, reserved 1048576K
}
Event: 52.225 GC heap after
{Heap after GC invocations=49 (full 3):
 PSYoungGen      total 13312K, used 0K [0x00000000eab00000, 0x00000000ebb00000, 0x0000000100000000)
  eden space 11264K, 0% used [0x00000000eab00000,0x00000000eab00000,0x00000000eb600000)
  from space 2048K, 0% used [0x00000000eb900000,0x00000000eb900000,0x00000000ebb00000)
  to   space 2048K, 0% used [0x00000000eb700000,0x00000000eb700000,0x00000000eb900000)
 ParOldGen       total 92160K, used 83342K [0x00000000c0000000, 0x00000000c5a00000, 0x00000000eab00000)
  object space 92160K, 90% used [0x00000000c0000000,0x00000000c51639f8,0x00000000c5a00000)
 Metaspace       used 58422K, committed 59776K, reserved 1114112K
  class space    used 6060K, committed 6656K, reserved 1048576K
}
Event: 52.800 GC heap before
{Heap before GC invocations=50 (full 3):
 PSYoungGen      total 13312K, used 11264K [0x00000000eab00000, 0x00000000ebb00000, 0x0000000100000000)
  eden space 11264K, 100% used [0x00000000eab00000,0x00000000eb600000,0x00000000eb600000)
  from space 2048K, 0% used [0x00000000eb900000,0x00000000eb900000,0x00000000ebb00000)
  to   space 2048K, 0% used [0x00000000eb700000,0x00000000eb700000,0x00000000eb900000)
 ParOldGen       total 92160K, used 83342K [0x00000000c0000000, 0x00000000c5a00000, 0x00000000eab00000)
  object space 92160K, 90% used [0x00000000c0000000,0x00000000c51639f8,0x00000000c5a00000)
 Metaspace       used 59012K, committed 60352K, reserved 1114112K
  class space    used 6133K, committed 6720K, reserved 1048576K
}
Event: 52.809 GC heap after
{Heap after GC invocations=50 (full 3):
 PSYoungGen      total 13312K, used 1840K [0x00000000eab00000, 0x00000000eba00000, 0x0000000100000000)
  eden space 11264K, 0% used [0x00000000eab00000,0x00000000eab00000,0x00000000eb600000)
  from space 2048K, 89% used [0x00000000eb700000,0x00000000eb8cc198,0x00000000eb900000)
  to   space 1024K, 0% used [0x00000000eb900000,0x00000000eb900000,0x00000000eba00000)
 ParOldGen       total 92160K, used 83350K [0x00000000c0000000, 0x00000000c5a00000, 0x00000000eab00000)
  object space 92160K, 90% used [0x00000000c0000000,0x00000000c51659f8,0x00000000c5a00000)
 Metaspace       used 59012K, committed 60352K, reserved 1114112K
  class space    used 6133K, committed 6720K, reserved 1048576K
}
Event: 53.695 GC heap before
{Heap before GC invocations=51 (full 3):
 PSYoungGen      total 13312K, used 13053K [0x00000000eab00000, 0x00000000eba00000, 0x0000000100000000)
  eden space 11264K, 99% used [0x00000000eab00000,0x00000000eb5f3300,0x00000000eb600000)
  from space 2048K, 89% used [0x00000000eb700000,0x00000000eb8cc198,0x00000000eb900000)
  to   space 1024K, 0% used [0x00000000eb900000,0x00000000eb900000,0x00000000eba00000)
 ParOldGen       total 92160K, used 83350K [0x00000000c0000000, 0x00000000c5a00000, 0x00000000eab00000)
  object space 92160K, 90% used [0x00000000c0000000,0x00000000c51659f8,0x00000000c5a00000)
 Metaspace       used 59214K, committed 60544K, reserved 1114112K
  class space    used 6151K, committed 6720K, reserved 1048576K
}
Event: 53.701 GC heap after
{Heap after GC invocations=51 (full 3):
 PSYoungGen      total 10752K, used 1001K [0x00000000eab00000, 0x00000000ebf00000, 0x0000000100000000)
  eden space 9728K, 0% used [0x00000000eab00000,0x00000000eab00000,0x00000000eb480000)
  from space 1024K, 97% used [0x00000000eb900000,0x00000000eb9fa4f0,0x00000000eba00000)
  to   space 4608K, 0% used [0x00000000eb480000,0x00000000eb480000,0x00000000eb900000)
 ParOldGen       total 92160K, used 86527K [0x00000000c0000000, 0x00000000c5a00000, 0x00000000eab00000)
  object space 92160K, 93% used [0x00000000c0000000,0x00000000c547fe30,0x00000000c5a00000)
 Metaspace       used 59214K, committed 60544K, reserved 1114112K
  class space    used 6151K, committed 6720K, reserved 1048576K
}
Event: 53.861 GC heap before
{Heap before GC invocations=52 (full 3):
 PSYoungGen      total 10752K, used 10670K [0x00000000eab00000, 0x00000000ebf00000, 0x0000000100000000)
  eden space 9728K, 99% used [0x00000000eab00000,0x00000000eb471448,0x00000000eb480000)
  from space 1024K, 97% used [0x00000000eb900000,0x00000000eb9fa4f0,0x00000000eba00000)
  to   space 4608K, 0% used [0x00000000eb480000,0x00000000eb480000,0x00000000eb900000)
 ParOldGen       total 92160K, used 86527K [0x00000000c0000000, 0x00000000c5a00000, 0x00000000eab00000)
  object space 92160K, 93% used [0x00000000c0000000,0x00000000c547fe30,0x00000000c5a00000)
 Metaspace       used 59340K, committed 60672K, reserved 1114112K
  class space    used 6164K, committed 6720K, reserved 1048576K
}
Event: 53.866 GC heap after
{Heap after GC invocations=52 (full 3):
 PSYoungGen      total 12288K, used 2306K [0x00000000eab00000, 0x00000000eba80000, 0x0000000100000000)
  eden space 9728K, 0% used [0x00000000eab00000,0x00000000eab00000,0x00000000eb480000)
  from space 2560K, 90% used [0x00000000eb480000,0x00000000eb6c0840,0x00000000eb700000)
  to   space 3072K, 0% used [0x00000000eb780000,0x00000000eb780000,0x00000000eba80000)
 ParOldGen       total 92160K, used 87457K [0x00000000c0000000, 0x00000000c5a00000, 0x00000000eab00000)
  object space 92160K, 94% used [0x00000000c0000000,0x00000000c5568410,0x00000000c5a00000)
 Metaspace       used 59340K, committed 60672K, reserved 1114112K
  class space    used 6164K, committed 6720K, reserved 1048576K
}
Event: 54.058 GC heap before
{Heap before GC invocations=53 (full 3):
 PSYoungGen      total 12288K, used 12034K [0x00000000eab00000, 0x00000000eba80000, 0x0000000100000000)
  eden space 9728K, 100% used [0x00000000eab00000,0x00000000eb480000,0x00000000eb480000)
  from space 2560K, 90% used [0x00000000eb480000,0x00000000eb6c0840,0x00000000eb700000)
  to   space 3072K, 0% used [0x00000000eb780000,0x00000000eb780000,0x00000000eba80000)
 ParOldGen       total 92160K, used 87457K [0x00000000c0000000, 0x00000000c5a00000, 0x00000000eab00000)
  object space 92160K, 94% used [0x00000000c0000000,0x00000000c5568410,0x00000000c5a00000)
 Metaspace       used 59785K, committed 61120K, reserved 1114112K
  class space    used 6204K, committed 6784K, reserved 1048576K
}
Event: 54.063 GC heap after
{Heap after GC invocations=53 (full 3):
 PSYoungGen      total 12288K, used 3057K [0x00000000eab00000, 0x00000000ebb80000, 0x0000000100000000)
  eden space 9216K, 0% used [0x00000000eab00000,0x00000000eab00000,0x00000000eb400000)
  from space 3072K, 99% used [0x00000000eb780000,0x00000000eba7c400,0x00000000eba80000)
  to   space 3584K, 0% used [0x00000000eb400000,0x00000000eb400000,0x00000000eb780000)
 ParOldGen       total 92160K, used 89451K [0x00000000c0000000, 0x00000000c5a00000, 0x00000000eab00000)
  object space 92160K, 97% used [0x00000000c0000000,0x00000000c575ac10,0x00000000c5a00000)
 Metaspace       used 59785K, committed 61120K, reserved 1114112K
  class space    used 6204K, committed 6784K, reserved 1048576K
}
Event: 54.294 GC heap before
{Heap before GC invocations=54 (full 3):
 PSYoungGen      total 12288K, used 12273K [0x00000000eab00000, 0x00000000ebb80000, 0x0000000100000000)
  eden space 9216K, 100% used [0x00000000eab00000,0x00000000eb400000,0x00000000eb400000)
  from space 3072K, 99% used [0x00000000eb780000,0x00000000eba7c400,0x00000000eba80000)
  to   space 3584K, 0% used [0x00000000eb400000,0x00000000eb400000,0x00000000eb780000)
 ParOldGen       total 92160K, used 89451K [0x00000000c0000000, 0x00000000c5a00000, 0x00000000eab00000)
  object space 92160K, 97% used [0x00000000c0000000,0x00000000c575ac10,0x00000000c5a00000)
 Metaspace       used 59885K, committed 61248K, reserved 1114112K
  class space    used 6208K, committed 6784K, reserved 1048576K
}
Event: 54.300 GC heap after
{Heap after GC invocations=54 (full 3):
 PSYoungGen      total 11776K, used 2377K [0x00000000eab00000, 0x00000000eba00000, 0x0000000100000000)
  eden space 9216K, 0% used [0x00000000eab00000,0x00000000eab00000,0x00000000eb400000)
  from space 2560K, 92% used [0x00000000eb400000,0x00000000eb652400,0x00000000eb680000)
  to   space 3072K, 0% used [0x00000000eb700000,0x00000000eb700000,0x00000000eba00000)
 ParOldGen       total 92160K, used 90915K [0x00000000c0000000, 0x00000000c5a00000, 0x00000000eab00000)
  object space 92160K, 98% used [0x00000000c0000000,0x00000000c58c8de8,0x00000000c5a00000)
 Metaspace       used 59885K, committed 61248K, reserved 1114112K
  class space    used 6208K, committed 6784K, reserved 1048576K
}
Event: 54.450 GC heap before
{Heap before GC invocations=55 (full 3):
 PSYoungGen      total 11776K, used 11593K [0x00000000eab00000, 0x00000000eba00000, 0x0000000100000000)
  eden space 9216K, 100% used [0x00000000eab00000,0x00000000eb400000,0x00000000eb400000)
  from space 2560K, 92% used [0x00000000eb400000,0x00000000eb652400,0x00000000eb680000)
  to   space 3072K, 0% used [0x00000000eb700000,0x00000000eb700000,0x00000000eba00000)
 ParOldGen       total 92160K, used 90915K [0x00000000c0000000, 0x00000000c5a00000, 0x00000000eab00000)
  object space 92160K, 98% used [0x00000000c0000000,0x00000000c58c8de8,0x00000000c5a00000)
 Metaspace       used 59985K, committed 61440K, reserved 1114112K
  class space    used 6221K, committed 6848K, reserved 1048576K
}
Event: 54.459 GC heap after
{Heap after GC invocations=55 (full 3):
 PSYoungGen      total 11264K, used 1945K [0x00000000eab00000, 0x00000000eb900000, 0x0000000100000000)
  eden space 9216K, 0% used [0x00000000eab00000,0x00000000eab00000,0x00000000eb400000)
  from space 2048K, 94% used [0x00000000eb700000,0x00000000eb8e6618,0x00000000eb900000)
  to   space 2560K, 0% used [0x00000000eb400000,0x00000000eb400000,0x00000000eb680000)
 ParOldGen       total 93184K, used 93152K [0x00000000c0000000, 0x00000000c5b00000, 0x00000000eab00000)
  object space 93184K, 99% used [0x00000000c0000000,0x00000000c5af8338,0x00000000c5b00000)
 Metaspace       used 59985K, committed 61440K, reserved 1114112K
  class space    used 6221K, committed 6848K, reserved 1048576K
}
Event: 54.576 GC heap before
{Heap before GC invocations=56 (full 3):
 PSYoungGen      total 11264K, used 11161K [0x00000000eab00000, 0x00000000eb900000, 0x0000000100000000)
  eden space 9216K, 100% used [0x00000000eab00000,0x00000000eb400000,0x00000000eb400000)
  from space 2048K, 94% used [0x00000000eb700000,0x00000000eb8e6618,0x00000000eb900000)
  to   space 2560K, 0% used [0x00000000eb400000,0x00000000eb400000,0x00000000eb680000)
 ParOldGen       total 93184K, used 93152K [0x00000000c0000000, 0x00000000c5b00000, 0x00000000eab00000)
  object space 93184K, 99% used [0x00000000c0000000,0x00000000c5af8338,0x00000000c5b00000)
 Metaspace       used 59985K, committed 61440K, reserved 1114112K
  class space    used 6221K, committed 6848K, reserved 1048576K
}
Event: 54.586 GC heap after
{Heap after GC invocations=56 (full 3):
 PSYoungGen      total 11776K, used 2227K [0x00000000eab00000, 0x00000000eb900000, 0x0000000100000000)
  eden space 9216K, 0% used [0x00000000eab00000,0x00000000eab00000,0x00000000eb400000)
  from space 2560K, 87% used [0x00000000eb400000,0x00000000eb62cce0,0x00000000eb680000)
  to   space 2560K, 0% used [0x00000000eb680000,0x00000000eb680000,0x00000000eb900000)
 ParOldGen       total 95232K, used 94987K [0x00000000c0000000, 0x00000000c5d00000, 0x00000000eab00000)
  object space 95232K, 99% used [0x00000000c0000000,0x00000000c5cc2d80,0x00000000c5d00000)
 Metaspace       used 59985K, committed 61440K, reserved 1114112K
  class space    used 6221K, committed 6848K, reserved 1048576K
}

